<?xml version="1.0" encoding="UTF-8"?>
<testsuite xmlns:xsi="http://www.w3.org/2001/XMLSchema-instance" xsi:noNamespaceSchemaLocation="https://maven.apache.org/surefire/maven-surefire-plugin/xsd/surefire-test-report.xsd" name="com.build.BallTest" time="0.068" tests="4" errors="0" skipped="0" failures="0">
  <properties>
[...]
</properties>
  <testcase name="ballReverseTest1" classname="com.build.BallTest" time="0.04"/>
  <testcase name="ballReverseTest2" classname="com.build.BallTest" time="0"/>
  <testcase name="ballReverseTest3" classname="com.build.BallTest" time="0"/>
  <testcase name="ballReverseTest4" classname="com.build.BallTest" time="0"/>
</testsuite>